<?xml version="1.0" encoding="UTF-8"?>
<!-- Generated by org.testng.reporters.JUnitXMLReporter -->
<testsuite ignored="0" hostname="LAPTOP-B4A6CVH7" failures="0" tests="8" name="Free CRM App Test Cases" time="76.107" errors="0" timestamp="29 Jul 2022 00:19:42 GMT">
  <testcase classname="com.crm.qa.testcases.LoginPageTest" name="loginPageTitleTest" time="0.049"/>
  <testcase classname="com.crm.qa.testcases.HomePageTest" name="verifyHomePageTitleTest" time="0.028"/>
  <testcase classname="com.crm.qa.testcases.ContactsPageTest" name="verifyContactsPageLable" time="0.072"/>
  <testcase classname="com.crm.qa.testcases.LoginPageTest" name="crmLogoImageTest" time="0.105"/>
  <testcase classname="com.crm.qa.testcases.HomePageTest" name="verifyUserNameTest" time="0.074"/>
  <testcase classname="com.crm.qa.testcases.ContactsPageTest" name="selectContactsTest" time="0.112"/>
  <testcase classname="com.crm.qa.testcases.LoginPageTest" name="loginTest" time="10.825"/>
  <testcase classname="com.crm.qa.testcases.HomePageTest" name="verifyContactsLinkTest" time="0.642"/>
</testsuite> <!-- Free CRM App Test Cases -->
