<?xml version="1.0" encoding="UTF-8"?>
<!-- Generated by org.testng.reporters.JUnitXMLReporter -->
<testsuite ignored="0" hostname="LAPTOP-B4A6CVH7" failures="0" tests="2" name="Default test" time="15.232" errors="0" timestamp="28 Jul 2022 23:49:10 GMT">
  <testcase classname="com.crm.qa.testcases.ContactsPageTest" name="verifyContactsPageLable" time="0.065"/>
  <testcase classname="com.crm.qa.testcases.ContactsPageTest" name="selectContactsTest" time="0.092"/>
</testsuite> <!-- Default test -->
