<?xml version="1.0" encoding="UTF-8"?>
<testng-results ignored="0" total="8" passed="8" failed="0" skipped="0">
  <reporter-output>
  </reporter-output>
  <suite started-at="2022-07-29T00:18:26Z" name="FREE CRM Application Test Automation Test Suite" finished-at="2022-07-29T00:19:42Z" duration-ms="76107">
    <groups>
    </groups>
    <test started-at="2022-07-29T00:18:26Z" name="Free CRM App Test Cases" finished-at="2022-07-29T00:19:42Z" duration-ms="76107">
      <class name="com.crm.qa.testcases.HomePageTest">
        <test-method is-config="true" signature="setup()[pri:0, instance:com.crm.qa.testcases.HomePageTest@424e1977]" started-at="2022-07-28T20:18:31Z" name="setup" finished-at="2022-07-28T20:18:39Z" duration-ms="7855" status="PASS">
          <reporter-output>
          </reporter-output>
        </test-method> <!-- setup -->
        <test-method signature="verifyHomePageTitleTest()[pri:1, instance:com.crm.qa.testcases.HomePageTest@424e1977]" started-at="2022-07-28T20:18:39Z" name="verifyHomePageTitleTest" finished-at="2022-07-28T20:18:39Z" duration-ms="28" status="PASS">
          <reporter-output>
          </reporter-output>
        </test-method> <!-- verifyHomePageTitleTest -->
        <test-method is-config="true" signature="tearDown()[pri:0, instance:com.crm.qa.testcases.HomePageTest@424e1977]" started-at="2022-07-28T20:18:39Z" name="tearDown" finished-at="2022-07-28T20:18:40Z" duration-ms="859" status="PASS">
          <reporter-output>
          </reporter-output>
        </test-method> <!-- tearDown -->
        <test-method is-config="true" signature="setup()[pri:0, instance:com.crm.qa.testcases.HomePageTest@424e1977]" started-at="2022-07-28T20:18:57Z" name="setup" finished-at="2022-07-28T20:19:10Z" duration-ms="12257" status="PASS">
          <reporter-output>
          </reporter-output>
        </test-method> <!-- setup -->
        <test-method signature="verifyUserNameTest()[pri:2, instance:com.crm.qa.testcases.HomePageTest@424e1977]" started-at="2022-07-28T20:19:10Z" name="verifyUserNameTest" finished-at="2022-07-28T20:19:10Z" duration-ms="74" status="PASS">
          <reporter-output>
          </reporter-output>
        </test-method> <!-- verifyUserNameTest -->
        <test-method is-config="true" signature="tearDown()[pri:0, instance:com.crm.qa.testcases.HomePageTest@424e1977]" started-at="2022-07-28T20:19:10Z" name="tearDown" finished-at="2022-07-28T20:19:11Z" duration-ms="747" status="PASS">
          <reporter-output>
          </reporter-output>
        </test-method> <!-- tearDown -->
        <test-method is-config="true" signature="setup()[pri:0, instance:com.crm.qa.testcases.HomePageTest@424e1977]" started-at="2022-07-28T20:19:34Z" name="setup" finished-at="2022-07-28T20:19:40Z" duration-ms="6192" status="PASS">
          <reporter-output>
          </reporter-output>
        </test-method> <!-- setup -->
        <test-method signature="verifyContactsLinkTest()[pri:3, instance:com.crm.qa.testcases.HomePageTest@424e1977]" started-at="2022-07-28T20:19:40Z" name="verifyContactsLinkTest" finished-at="2022-07-28T20:19:41Z" duration-ms="642" status="PASS">
          <reporter-output>
          </reporter-output>
        </test-method> <!-- verifyContactsLinkTest -->
        <test-method is-config="true" signature="tearDown()[pri:0, instance:com.crm.qa.testcases.HomePageTest@424e1977]" started-at="2022-07-28T20:19:41Z" name="tearDown" finished-at="2022-07-28T20:19:42Z" duration-ms="784" status="PASS">
          <reporter-output>
          </reporter-output>
        </test-method> <!-- tearDown -->
      </class> <!-- com.crm.qa.testcases.HomePageTest -->
      <class name="com.crm.qa.testcases.ContactsPageTest">
        <test-method is-config="true" signature="setup()[pri:0, instance:com.crm.qa.testcases.ContactsPageTest@10d68fcd]" started-at="2022-07-28T20:18:40Z" name="setup" finished-at="2022-07-28T20:18:52Z" duration-ms="12373" status="PASS">
          <reporter-output>
          </reporter-output>
        </test-method> <!-- setup -->
        <test-method signature="verifyContactsPageLable()[pri:1, instance:com.crm.qa.testcases.ContactsPageTest@10d68fcd]" started-at="2022-07-28T20:18:52Z" name="verifyContactsPageLable" finished-at="2022-07-28T20:18:52Z" duration-ms="72" status="PASS">
          <reporter-output>
          </reporter-output>
        </test-method> <!-- verifyContactsPageLable -->
        <test-method is-config="true" signature="tearDown()[pri:0, instance:com.crm.qa.testcases.ContactsPageTest@10d68fcd]" started-at="2022-07-28T20:18:52Z" name="tearDown" finished-at="2022-07-28T20:18:53Z" duration-ms="1452" status="PASS">
          <reporter-output>
          </reporter-output>
        </test-method> <!-- tearDown -->
        <test-method is-config="true" signature="setup()[pri:0, instance:com.crm.qa.testcases.ContactsPageTest@10d68fcd]" started-at="2022-07-28T20:19:11Z" name="setup" finished-at="2022-07-28T20:19:18Z" duration-ms="7816" status="PASS">
          <reporter-output>
          </reporter-output>
        </test-method> <!-- setup -->
        <test-method signature="selectContactsTest()[pri:2, instance:com.crm.qa.testcases.ContactsPageTest@10d68fcd]" started-at="2022-07-28T20:19:18Z" name="selectContactsTest" finished-at="2022-07-28T20:19:18Z" duration-ms="112" status="PASS">
          <reporter-output>
          </reporter-output>
        </test-method> <!-- selectContactsTest -->
        <test-method is-config="true" signature="tearDown()[pri:0, instance:com.crm.qa.testcases.ContactsPageTest@10d68fcd]" started-at="2022-07-28T20:19:18Z" name="tearDown" finished-at="2022-07-28T20:19:19Z" duration-ms="829" status="PASS">
          <reporter-output>
          </reporter-output>
        </test-method> <!-- tearDown -->
      </class> <!-- com.crm.qa.testcases.ContactsPageTest -->
      <class name="com.crm.qa.testcases.LoginPageTest">
        <test-method is-config="true" signature="setup()[pri:0, instance:com.crm.qa.testcases.LoginPageTest@31f9b85e]" started-at="2022-07-28T20:18:26Z" name="setup" finished-at="2022-07-28T20:18:30Z" duration-ms="4235" status="PASS">
          <reporter-output>
          </reporter-output>
        </test-method> <!-- setup -->
        <test-method signature="loginPageTitleTest()[pri:1, instance:com.crm.qa.testcases.LoginPageTest@31f9b85e]" started-at="2022-07-28T20:18:30Z" name="loginPageTitleTest" finished-at="2022-07-28T20:18:30Z" duration-ms="49" status="PASS">
          <reporter-output>
          </reporter-output>
        </test-method> <!-- loginPageTitleTest -->
        <test-method is-config="true" signature="tearDown()[pri:0, instance:com.crm.qa.testcases.LoginPageTest@31f9b85e]" started-at="2022-07-28T20:18:30Z" name="tearDown" finished-at="2022-07-28T20:18:31Z" duration-ms="837" status="PASS">
          <reporter-output>
          </reporter-output>
        </test-method> <!-- tearDown -->
        <test-method is-config="true" signature="setup()[pri:0, instance:com.crm.qa.testcases.LoginPageTest@31f9b85e]" started-at="2022-07-28T20:18:53Z" name="setup" finished-at="2022-07-28T20:18:57Z" duration-ms="3131" status="PASS">
          <reporter-output>
          </reporter-output>
        </test-method> <!-- setup -->
        <test-method signature="crmLogoImageTest()[pri:2, instance:com.crm.qa.testcases.LoginPageTest@31f9b85e]" started-at="2022-07-28T20:18:57Z" name="crmLogoImageTest" finished-at="2022-07-28T20:18:57Z" duration-ms="105" status="PASS">
          <reporter-output>
          </reporter-output>
        </test-method> <!-- crmLogoImageTest -->
        <test-method is-config="true" signature="tearDown()[pri:0, instance:com.crm.qa.testcases.LoginPageTest@31f9b85e]" started-at="2022-07-28T20:18:57Z" name="tearDown" finished-at="2022-07-28T20:18:57Z" duration-ms="776" status="PASS">
          <reporter-output>
          </reporter-output>
        </test-method> <!-- tearDown -->
        <test-method is-config="true" signature="setup()[pri:0, instance:com.crm.qa.testcases.LoginPageTest@31f9b85e]" started-at="2022-07-28T20:19:19Z" name="setup" finished-at="2022-07-28T20:19:23Z" duration-ms="3247" status="PASS">
          <reporter-output>
          </reporter-output>
        </test-method> <!-- setup -->
        <test-method signature="loginTest()[pri:3, instance:com.crm.qa.testcases.LoginPageTest@31f9b85e]" started-at="2022-07-28T20:19:23Z" name="loginTest" finished-at="2022-07-28T20:19:33Z" duration-ms="10825" status="PASS">
          <reporter-output>
          </reporter-output>
        </test-method> <!-- loginTest -->
        <test-method is-config="true" signature="tearDown()[pri:0, instance:com.crm.qa.testcases.LoginPageTest@31f9b85e]" started-at="2022-07-28T20:19:33Z" name="tearDown" finished-at="2022-07-28T20:19:34Z" duration-ms="765" status="PASS">
          <reporter-output>
          </reporter-output>
        </test-method> <!-- tearDown -->
      </class> <!-- com.crm.qa.testcases.LoginPageTest -->
    </test> <!-- Free CRM App Test Cases -->
  </suite> <!-- FREE CRM Application Test Automation Test Suite -->
</testng-results>
